<?xml version="1.0" encoding="UTF-8"?>
<!-- Generated by org.testng.reporters.JUnitReportReporter -->
<testsuite hostname="ASCINLAP61421" failures="0" tests="1" name="com.ajio.tests.AddToCartAjio" time="18.785" errors="0" timestamp="2025-10-30T13:14:01 IST" skipped="0">
  <testcase classname="com.ajio.tests.AddToCartAjio" name="addProductToCart" time="18.785"/>
  <system-out/>
</testsuite> <!-- com.ajio.tests.AddToCartAjio -->
