<?xml version="1.0" encoding="UTF-8"?>
<!-- Generated by org.testng.reporters.JUnitReportReporter -->
<testsuite hostname="ASCINLAP61421" failures="0" tests="1" name="com.ajio.tests.SmokeTest" time="0.010" errors="0" timestamp="2025-10-30T11:45:38 IST" skipped="0">
  <testcase classname="com.ajio.tests.SmokeTest" name="verifyReportCreation" time="0.010"/>
  <system-out/>
</testsuite> <!-- com.ajio.tests.SmokeTest -->
