<?xml version="1.0" encoding="UTF-8"?>
<!-- Generated by org.testng.reporters.JUnitReportReporter -->
<testsuite hostname="ASCINLAP61421" failures="0" tests="1" name="com.ajio.tests.LoginAjio" time="30.084" errors="0" timestamp="2025-10-30T13:14:01 IST" skipped="0">
  <testcase classname="com.ajio.tests.LoginAjio" name="loginWithValidPhoneNumber" time="30.084"/>
  <system-out/>
</testsuite> <!-- com.ajio.tests.LoginAjio -->
