<?xml version="1.0" encoding="UTF-8"?>
<!-- Generated by org.testng.reporters.JUnitReportReporter -->
<testsuite hostname="ASCINLAP61421" failures="0" tests="1" name="com.ajio.tests.CheckoutAjio" time="49.400" errors="0" timestamp="2025-10-30T13:14:01 IST" skipped="0">
  <testcase classname="com.ajio.tests.CheckoutAjio" name="checkoutFlowTest" time="49.400"/>
  <system-out/>
</testsuite> <!-- com.ajio.tests.CheckoutAjio -->
