<?xml version="1.0" encoding="UTF-8"?>
<!-- Generated by org.testng.reporters.JUnitReportReporter -->
<testsuite hostname="ASCINLAP61421" failures="0" tests="1" name="com.ajio.tests.WishlistAjio" time="32.331" errors="0" timestamp="2025-10-30T11:02:40 IST" skipped="0">
  <testcase classname="com.ajio.tests.WishlistAjio" name="addProductToWishlist" time="32.331"/>
  <system-out/>
</testsuite> <!-- com.ajio.tests.WishlistAjio -->
